2018-08-21 19:21:34,216 ERROR 5696 nodejs.ECONNREFUSEDError: connect ECONNREFUSED 119.23.41.237:6379
    at Object._errnoException (util.js:1022:11)
    at _exceptionWithHostPort (util.js:1044:20)
    at TCPConnectWrap.afterConnect [as oncomplete] (net.js:1198:14)
code: 'ECONNREFUSED'
errno: 'ECONNREFUSED'
syscall: 'connect'
address: '119.23.41.237'
port: 6379
name: 'ECONNREFUSEDError'
pid: 5696
hostname: USER-D8STTK4RDA

2018-08-21 19:21:35,314 ERROR 5696 nodejs.ECONNREFUSEDError: connect ECONNREFUSED 119.23.41.237:6379
    at Object._errnoException (util.js:1022:11)
    at _exceptionWithHostPort (util.js:1044:20)
    at TCPConnectWrap.afterConnect [as oncomplete] (net.js:1198:14)
code: 'ECONNREFUSED'
errno: 'ECONNREFUSED'
syscall: 'connect'
address: '119.23.41.237'
port: 6379
name: 'ECONNREFUSEDError'
pid: 5696
hostname: USER-D8STTK4RDA

