<<<<<<< HEAD
2018-07-31 14:42:58,540 INFO 6156 [Timer] D:\GitHub\egg_server\node_modules\egg-logrotator\app\schedule\clean_log.js next time will execute at 2018-08-01 00:00:00.000
2018-07-31 14:42:58,541 INFO 6156 [Timer] D:\GitHub\egg_server\node_modules\egg-logrotator\app\schedule\rotate_by_file.js next time will execute at 2018-08-01 00:00:01.000
2018-07-31 18:25:05,179 INFO 8572 [Timer] D:\GitHub\egg_server\node_modules\egg-logrotator\app\schedule\clean_log.js next time will execute at 2018-08-01 00:00:00.000
2018-07-31 18:25:05,181 INFO 8572 [Timer] D:\GitHub\egg_server\node_modules\egg-logrotator\app\schedule\rotate_by_file.js next time will execute at 2018-08-01 00:00:01.000
2018-07-31 18:47:19,582 INFO 9640 [Timer] D:\GitHub\egg_server\node_modules\egg-logrotator\app\schedule\clean_log.js next time will execute at 2018-08-01 00:00:00.000
2018-07-31 18:47:19,584 INFO 9640 [Timer] D:\GitHub\egg_server\node_modules\egg-logrotator\app\schedule\rotate_by_file.js next time will execute at 2018-08-01 00:00:01.000
2018-08-01 11:31:06,508 INFO 9640 [1533094266508676476838288242] D:\GitHub\egg_server\node_modules\egg-logrotator\app\schedule\clean_log.js triggered, send random by agent
2018-08-01 11:31:06,514 INFO 9640 [Timer] D:\GitHub\egg_server\node_modules\egg-logrotator\app\schedule\clean_log.js next time will execute at 2018-08-02 00:00:00.000
2018-08-01 11:31:06,514 INFO 9640 [1533094266514676476844298473] D:\GitHub\egg_server\node_modules\egg-logrotator\app\schedule\rotate_by_file.js triggered, send random by agent
2018-08-01 11:31:06,518 INFO 9640 [Timer] D:\GitHub\egg_server\node_modules\egg-logrotator\app\schedule\rotate_by_file.js next time will execute at 2018-08-02 00:00:01.000
2018-08-01 11:43:32,612 INFO 9480 [Timer] D:\GitHub\egg_server\node_modules\egg-logrotator\app\schedule\clean_log.js next time will execute at 2018-08-02 00:00:00.000
2018-08-01 11:43:32,612 INFO 9480 [Timer] D:\GitHub\egg_server\node_modules\egg-logrotator\app\schedule\rotate_by_file.js next time will execute at 2018-08-02 00:00:01.000
2018-08-01 11:45:35,897 INFO 5020 [Timer] D:\GitHub\egg_server\node_modules\egg-logrotator\app\schedule\clean_log.js next time will execute at 2018-08-02 00:00:00.000
2018-08-01 11:45:35,900 INFO 5020 [Timer] D:\GitHub\egg_server\node_modules\egg-logrotator\app\schedule\rotate_by_file.js next time will execute at 2018-08-02 00:00:01.000
2018-08-02 18:55:30,622 INFO 10928 [Timer] D:\GitHub\egg_server\node_modules\egg-logrotator\app\schedule\clean_log.js next time will execute at 2018-08-03 00:00:00.000
2018-08-02 18:55:30,625 INFO 10928 [Timer] D:\GitHub\egg_server\node_modules\egg-logrotator\app\schedule\rotate_by_file.js next time will execute at 2018-08-03 00:00:01.000
=======
>>>>>>> origin/master
2018-08-10 10:09:21,845 INFO 14920 [Timer] C:\Users\Administrator\Documents\GitHub\egg_server\node_modules\egg-logrotator\app\schedule\clean_log.js next time will execute at 2018-08-11 00:00:00.000
2018-08-10 10:09:21,846 INFO 14920 [Timer] C:\Users\Administrator\Documents\GitHub\egg_server\node_modules\egg-logrotator\app\schedule\rotate_by_file.js next time will execute at 2018-08-11 00:00:01.000
2018-08-10 10:32:15,598 INFO 12988 [Timer] C:\Users\Administrator\Documents\GitHub\egg_server\node_modules\egg-logrotator\app\schedule\clean_log.js next time will execute at 2018-08-11 00:00:00.000
2018-08-10 10:32:15,599 INFO 12988 [Timer] C:\Users\Administrator\Documents\GitHub\egg_server\node_modules\egg-logrotator\app\schedule\rotate_by_file.js next time will execute at 2018-08-11 00:00:01.000
2018-08-10 14:40:56,117 INFO 6208 [Timer] C:\Users\Administrator\Documents\GitHub\egg_server\node_modules\egg-logrotator\app\schedule\clean_log.js next time will execute at 2018-08-11 00:00:00.000
2018-08-10 14:40:56,118 INFO 6208 [Timer] C:\Users\Administrator\Documents\GitHub\egg_server\node_modules\egg-logrotator\app\schedule\rotate_by_file.js next time will execute at 2018-08-11 00:00:01.000
2018-08-10 15:29:31,335 INFO 14616 [Timer] C:\Users\Administrator\Documents\GitHub\egg_server\node_modules\egg-logrotator\app\schedule\clean_log.js next time will execute at 2018-08-11 00:00:00.000
2018-08-10 15:29:31,336 INFO 14616 [Timer] C:\Users\Administrator\Documents\GitHub\egg_server\node_modules\egg-logrotator\app\schedule\rotate_by_file.js next time will execute at 2018-08-11 00:00:01.000
2018-08-10 16:24:56,842 INFO 15540 [Timer] C:\Users\Administrator\Documents\GitHub\egg_server\node_modules\egg-logrotator\app\schedule\clean_log.js next time will execute at 2018-08-11 00:00:00.000
2018-08-10 16:24:56,843 INFO 15540 [Timer] C:\Users\Administrator\Documents\GitHub\egg_server\node_modules\egg-logrotator\app\schedule\rotate_by_file.js next time will execute at 2018-08-11 00:00:01.000
2018-08-10 16:44:07,059 INFO 9092 [Timer] C:\Users\Administrator\Documents\GitHub\egg_server\node_modules\egg-logrotator\app\schedule\clean_log.js next time will execute at 2018-08-11 00:00:00.000
2018-08-10 16:44:07,060 INFO 9092 [Timer] C:\Users\Administrator\Documents\GitHub\egg_server\node_modules\egg-logrotator\app\schedule\rotate_by_file.js next time will execute at 2018-08-11 00:00:01.000
2018-08-10 16:45:41,935 INFO 13800 [Timer] C:\Users\Administrator\Documents\GitHub\egg_server\node_modules\egg-logrotator\app\schedule\clean_log.js next time will execute at 2018-08-11 00:00:00.000
2018-08-10 16:45:41,936 INFO 13800 [Timer] C:\Users\Administrator\Documents\GitHub\egg_server\node_modules\egg-logrotator\app\schedule\rotate_by_file.js next time will execute at 2018-08-11 00:00:01.000
