2018-07-30 13:59:21,217 INFO 9140 [egg-logrotator] app logger reload: got log-reload message
2018-07-30 14:01:07,473 INFO 9140 [egg-redis] connect success on redis://:123456@119.23.41.237:6379/0
2018-07-30 14:12:30,531 WARN 9140 [TCPBase] socket is closed by other side while there were still unhandled data in the socket buffer
2018-07-30 14:12:33,026 WARN 9140 [ClusterClient:Watcher] follower closed, and try to init it again
2018-07-30 14:13:43,450 INFO 9140 [egg-redis] connect success on redis://:123456@119.23.41.237:6379/0
2018-07-30 14:15:41,957 INFO 6488 [egg:logger] init all loggers with options: {"dir":"D:\\GitHub\\egg_server\\logs\\egg-example","encoding":"utf8","env":"local","level":"INFO","consoleLevel":"INFO","disableConsoleAfterReady":false,"outputJSON":false,"buffer":true,"appLogName":"egg-example-web.log","coreLogName":"egg-web.log","agentLogName":"egg-agent.log","errorLogName":"common-error.log","coreLogger":{"consoleLevel":"WARN"},"allowDebugAtProd":true,"type":"application"}
2018-07-30 14:15:41,989 INFO 6488 [egg-schedule]: register schedule D:\GitHub\egg_server\node_modules\egg-logrotator\app\schedule\clean_log.js
2018-07-30 14:15:41,989 INFO 6488 [egg-schedule]: register schedule D:\GitHub\egg_server\node_modules\egg-logrotator\app\schedule\rotate_by_file.js
2018-07-30 14:15:42,004 INFO 6488 [egg-mysql] connecting root@rm-wz9irm56yc8scnyy6o.mysql.rds.aliyuncs.com:3306/knowledge
2018-07-30 14:15:42,342 INFO 6488 [egg-redis] connecting redis://:123456@119.23.41.237:6379/0
2018-07-30 14:15:42,500 INFO 6488 [egg-static] starting static serve /public/ -> D:\GitHub\egg_server\app\public
2018-07-30 14:15:42,500 INFO 6488 [egg-security] use methodnoallow middleware
2018-07-30 14:15:42,500 INFO 6488 [egg-security] use noopen middleware
2018-07-30 14:15:42,500 INFO 6488 [egg-security] use nosniff middleware
2018-07-30 14:15:42,500 INFO 6488 [egg-security] use xssProtection middleware
2018-07-30 14:15:42,500 INFO 6488 [egg-security] use xframe middleware
2018-07-30 14:15:42,500 INFO 6488 [egg-security] use dta middleware
2018-07-30 14:15:42,500 INFO 6488 [egg-security] compose 6 middlewares into one security middleware
2018-07-30 14:15:42,547 INFO 6488 [egg-watcher:app] watcher start success
2018-07-30 14:15:42,631 INFO 6488 [egg-redis] connect success on redis://:123456@119.23.41.237:6379/0
2018-07-30 14:15:42,760 INFO 6488 [egg-redis] instance[0] status OK, redis currentTime: #
2018-07-30 14:15:42,830 INFO 6488 [egg-mysql] instance[0] status OK, rds currentTime: Mon Jul 30 2018 14:15:42 GMT+0800 (中国标准时间)
